<?xml version="1.0" encoding="UTF-8"?>
<testsuite name="FizzBuzzTest" tests="6" skipped="0" failures="0" errors="0" timestamp="2023-03-15T14:37:52" hostname="DESKTOP-AUO9ALU" time="0.002">
  <properties/>
  <testcase name="given_number_not_divisible_by_3_and_5_return_same_number" classname="FizzBuzzTest" time="0.001"/>
  <testcase name="given_different_numbers_return_correct_response_for_each_number" classname="FizzBuzzTest" time="0.0"/>
  <testcase name="given_divisible_number_by_3_and_5_return_fizz_buzz" classname="FizzBuzzTest" time="0.001"/>
  <testcase name="given_divisible_number_by_5_return_buzz" classname="FizzBuzzTest" time="0.0"/>
  <testcase name="given_divisible_number_by_3_return_fizz" classname="FizzBuzzTest" time="0.0"/>
  <testcase name="given_empty_list_return_0" classname="FizzBuzzTest" time="0.0"/>
  <system-out><![CDATA[]]></system-out>
  <system-err><![CDATA[]]></system-err>
</testsuite>
