<?xml version="1.0" encoding="UTF-8"?>
<testsuite name="FizzBuzzTest" tests="1" skipped="0" failures="0" errors="0" timestamp="2023-03-17T09:27:16" hostname="DESKTOP-AUO9ALU" time="0.001">
  <properties/>
  <testcase name="given_different_numbers_return_correct_response_for_each_number" classname="FizzBuzzTest" time="0.001"/>
  <system-out><![CDATA[]]></system-out>
  <system-err><![CDATA[]]></system-err>
</testsuite>
