<?xml version="1.0" encoding="UTF-8"?>
<testsuite name="FizzBuzzTest" tests="1" skipped="0" failures="0" errors="0" timestamp="2023-03-16T15:07:01" hostname="DESKTOP-AUO9ALU" time="0.002">
  <properties/>
  <testcase name="given_number_that_contain_3_and_5_return_fizz_buzz" classname="FizzBuzzTest" time="0.002"/>
  <system-out><![CDATA[]]></system-out>
  <system-err><![CDATA[]]></system-err>
</testsuite>
